<?xml version="1.0" encoding="UTF-8"?>
<testng-results total="3" passed="0" failed="0" skipped="3">
  <reporter-output>
  </reporter-output>
  <suite started-at="2023-05-06T07:57:58Z" name="Default suite" finished-at="2023-05-06T07:57:58Z" duration-ms="68">
    <groups>
    </groups>
    <test started-at="2023-05-06T07:57:58Z" name="Default test" finished-at="2023-05-06T07:57:58Z" duration-ms="68">
      <class name="learnExtentReport.ExtentReport_TestNgExample">
        <test-method is-config="true" signature="openBrowser()[pri:0, instance:learnExtentReport.ExtentReport_TestNgExample@76a4ebf2]" started-at="2023-05-06T13:27:57Z" name="openBrowser" finished-at="2023-05-06T13:27:57Z" duration-ms="0" status="FAIL">
          <exception class="java.lang.NoClassDefFoundError">
            <message>
              <![CDATA[io/reactivex/rxjava3/subjects/PublishSubject]]>
            </message>
            <full-stacktrace>
              <![CDATA[java.lang.NoClassDefFoundError: io/reactivex/rxjava3/subjects/PublishSubject
	at com.aventstack.extentreports.ReactiveSubject.<init>(ReactiveSubject.java:28)
	at com.aventstack.extentreports.AbstractProcessor.<init>(AbstractProcessor.java:22)
	at com.aventstack.extentreports.ExtentReports.<init>(ExtentReports.java:55)
	at learnExtentReport.ExtentReport_TestNgExample.openBrowser(ExtentReport_TestNgExample.java:66)
	at java.base/jdk.internal.reflect.NativeMethodAccessorImpl.invoke0(Native Method)
	at java.base/jdk.internal.reflect.NativeMethodAccessorImpl.invoke(NativeMethodAccessorImpl.java:77)
	at java.base/jdk.internal.reflect.DelegatingMethodAccessorImpl.invoke(DelegatingMethodAccessorImpl.java:43)
	at java.base/java.lang.reflect.Method.invoke(Method.java:568)
	at org.testng.internal.MethodInvocationHelper.invokeMethod(MethodInvocationHelper.java:85)
	at org.testng.internal.Invoker.invokeConfigurationMethod(Invoker.java:510)
	at org.testng.internal.Invoker.invokeConfigurations(Invoker.java:211)
	at org.testng.internal.Invoker.invokeConfigurations(Invoker.java:138)
	at org.testng.SuiteRunner.privateRun(SuiteRunner.java:298)
	at org.testng.SuiteRunner.run(SuiteRunner.java:261)
	at org.testng.SuiteRunnerWorker.runSuite(SuiteRunnerWorker.java:52)
	at org.testng.SuiteRunnerWorker.run(SuiteRunnerWorker.java:86)
	at org.testng.TestNG.runSuitesSequentially(TestNG.java:1215)
	at org.testng.TestNG.runSuitesLocally(TestNG.java:1140)
	at org.testng.TestNG.run(TestNG.java:1048)
	at org.testng.remote.AbstractRemoteTestNG.run(AbstractRemoteTestNG.java:115)
	at org.testng.remote.RemoteTestNG.initAndRun(RemoteTestNG.java:251)
	at org.testng.remote.RemoteTestNG.main(RemoteTestNG.java:77)
Caused by: java.lang.ClassNotFoundException: io.reactivex.rxjava3.subjects.PublishSubject
	at java.base/jdk.internal.loader.BuiltinClassLoader.loadClass(BuiltinClassLoader.java:641)
	at java.base/jdk.internal.loader.ClassLoaders$AppClassLoader.loadClass(ClassLoaders.java:188)
	at java.base/java.lang.ClassLoader.loadClass(ClassLoader.java:520)
	... 22 more
]]>
            </full-stacktrace>
          </exception> <!-- java.lang.NoClassDefFoundError -->
          <reporter-output>
          </reporter-output>
        </test-method> <!-- openBrowser -->
        <test-method signature="openBing()[pri:0, instance:learnExtentReport.ExtentReport_TestNgExample@76a4ebf2]" started-at="2023-05-06T13:27:58Z" name="openBing" finished-at="2023-05-06T13:27:58Z" duration-ms="6" status="SKIP">
          <reporter-output>
          </reporter-output>
        </test-method> <!-- openBing -->
        <test-method signature="openGoogle()[pri:0, instance:learnExtentReport.ExtentReport_TestNgExample@76a4ebf2]" started-at="2023-05-06T13:27:58Z" name="openGoogle" finished-at="2023-05-06T13:27:58Z" duration-ms="7" status="SKIP">
          <reporter-output>
          </reporter-output>
        </test-method> <!-- openGoogle -->
        <test-method signature="openWikipedia()[pri:0, instance:learnExtentReport.ExtentReport_TestNgExample@76a4ebf2]" started-at="2023-05-06T13:27:58Z" name="openWikipedia" finished-at="2023-05-06T13:27:58Z" duration-ms="5" status="SKIP">
          <reporter-output>
          </reporter-output>
        </test-method> <!-- openWikipedia -->
        <test-method is-config="true" signature="closeBrowser()[pri:0, instance:learnExtentReport.ExtentReport_TestNgExample@76a4ebf2]" started-at="2023-05-06T13:27:58Z" name="closeBrowser" finished-at="2023-05-06T13:27:58Z" duration-ms="0" status="SKIP">
          <reporter-output>
          </reporter-output>
        </test-method> <!-- closeBrowser -->
      </class> <!-- learnExtentReport.ExtentReport_TestNgExample -->
    </test> <!-- Default test -->
  </suite> <!-- Default suite -->
</testng-results>
