<?xml version="1.0" encoding="UTF-8"?>
<!-- Generated by org.testng.reporters.JUnitXMLReporter -->
<testsuite hostname="DESKTOP-7L63P15" failures="0" tests="4" name="Login to Application" time="110.649" errors="0" timestamp="25 Apr 2023 15:44:51 GMT">
  <testcase classname="dataTestNG.LoginPage" name="loginWithCorrectDetails" time="33.142"/>
  <testcase classname="dataTestNG.LoginPage" name="loginWithCorrectDetails" time="21.668"/>
  <testcase classname="dataTestNG.LoginPage" name="loginWithCorrectDetails" time="32.578"/>
  <testcase classname="dataTestNG.LoginPage" name="loginWithCorrectDetails" time="23.19"/>
</testsuite> <!-- Login to Application -->
