<?xml version="1.0" encoding="UTF-8"?>
<!-- Generated by org.testng.reporters.JUnitXMLReporter -->
<testsuite hostname="DESKTOP-7L63P15" failures="0" tests="4" name="Login Test Cases" time="135.329" errors="0" timestamp="25 Apr 2023 13:52:44 GMT">
  <testcase classname="dataTestNG.BothCorrect" name="loginWithCorrectDetails" time="58.573"/>
  <testcase classname="dataTestNG.BothIncorrect" name="loginWithInCorrectDetails" time="30.646"/>
  <testcase classname="dataTestNG.CorrectPassword" name="loginWithCorrectPassword" time="23.979"/>
  <testcase classname="dataTestNG.CorrectUserName" name="loginWithCorrectUserName" time="22.069"/>
</testsuite> <!-- Login Test Cases -->
